seed  prod rows  cap free exact delta     status    secs  ok
   1   379    1    1   16   385     6    OPTIMAL    0.03 yes
   1   379    1    2   16   385     6    OPTIMAL    0.11 yes
   1   379    2    1   32   393    14   FEASIBLE   45.04 yes
   1   379    2    2   32   389    10   FEASIBLE   45.04 yes
   2   376    1    1   16   376     0    OPTIMAL    0.03 yes
   2   376    1    2   16   377     1    OPTIMAL    0.03 yes
   2   376    2    1   32   382     6   FEASIBLE   45.22 yes
   2   376    2    2   32   383     7   FEASIBLE   45.03 yes
   3   365    1    1   16  None  None INFEASIBLE    0.00  NO
   3   365    1    2   16   371     6    OPTIMAL    0.06 yes
   3   365    2    1   32   382    17   FEASIBLE   45.03 yes
   3   365    2    2   32   380    15   FEASIBLE   45.02 yes
   4   369    1    1   16   371     2    OPTIMAL    0.03 yes
   4   369    1    2   16   371     2    OPTIMAL    0.04 yes
   4   369    2    1   32   380    11   FEASIBLE   45.02 yes
   4   369    2    2   32   379    10   FEASIBLE   45.03 yes
   5   365    1    1   16   369     4    OPTIMAL    0.01 yes
   5   365    1    2   16   369     4    OPTIMAL    0.07 yes
   6   371    1    1   16   377     6    OPTIMAL    0.04 yes
   6   371    1    2   16   377     6    OPTIMAL    0.08 yes
   7   378    1    1   16   380     2    OPTIMAL    0.03 yes
   7   378    1    2   16   381     3    OPTIMAL    0.04 yes
   8   372    1    1   16   376     4    OPTIMAL    0.04 yes
   8   372    1    2   16   377     5    OPTIMAL    0.04 yes
   9   370    1    1   16   375     5    OPTIMAL    0.03 yes
   9   370    1    2   16   375     5    OPTIMAL    0.03 yes
  10   372    1    1   16   374     2    OPTIMAL    0.02 yes
  10   372    1    2   16   376     4    OPTIMAL    0.03 yes
  11   361    1    1   16   366     5    OPTIMAL    0.02 yes
  11   361    1    2   16   370     9    OPTIMAL    0.03 yes
  12   370    1    1   16  None  None INFEASIBLE    0.01  NO
  12   370    1    2   16   375     5    OPTIMAL    0.03 yes
  13   366    1    1   16   372     6    OPTIMAL    0.04 yes
  13   366    1    2   16   373     7    OPTIMAL    0.09 yes
  14   369    1    1   16  None  None INFEASIBLE    0.02  NO
  14   369    1    2   16   375     6    OPTIMAL    0.06 yes
  15   368    1    1   16   372     4    OPTIMAL    0.03 yes
  15   368    1    2   16   372     4    OPTIMAL    0.05 yes
  16   360    1    1   16   365     5    OPTIMAL    0.03 yes
  16   360    1    2   16   366     6    OPTIMAL    0.04 yes
  17   374    1    1   16   377     3    OPTIMAL    0.02 yes
  17   374    1    2   16   377     3    OPTIMAL    0.03 yes
  18   373    1    1   16   374     1    OPTIMAL    0.03 yes
  18   373    1    2   16   376     3    OPTIMAL    0.03 yes
  19   379    1    1   16   387     8    OPTIMAL    0.02 yes
  19   379    1    2   16   387     8    OPTIMAL    0.04 yes
  20   381    1    1   16   385     4    OPTIMAL    0.03 yes
  20   381    1    2   16   385     4    OPTIMAL    0.03 yes
  21   368    1    1   16   374     6    OPTIMAL    0.03 yes
  21   368    1    2   16   375     7    OPTIMAL    0.03 yes
  22   366    1    1   16   368     2    OPTIMAL    0.02 yes
  22   366    1    2   16   369     3    OPTIMAL    0.03 yes
  23   372    1    1   16  None  None INFEASIBLE    0.00  NO
  23   372    1    2   16   376     4    OPTIMAL    0.06 yes
  24   382    1    1   16  None  None INFEASIBLE    0.00  NO
  24   382    1    2   16   385     3    OPTIMAL    0.04 yes

wrote ../results/tailforge.json
